<?xml version="1.0" encoding="UTF-8"?>
<testsuite xmlns:xsi="http://www.w3.org/2001/XMLSchema-instance" xsi:noNamespaceSchemaLocation="https://maven.apache.org/surefire/maven-surefire-plugin/xsd/surefire-test-report.xsd" name="exercise_1_one_level_of_indentation.CatalogServiceTest" time="0.005" tests="3" errors="0" skipped="0" failures="0">
  <properties>
[...]
</properties>
  <testcase name="update with same category ID" classname="exercise_1_one_level_of_indentation.CatalogServiceTest" time="0.003"/>
  <testcase name="update where old mapping does not exist" classname="exercise_1_one_level_of_indentation.CatalogServiceTest" time="0.001"/>
  <testcase name="update with new category ID" classname="exercise_1_one_level_of_indentation.CatalogServiceTest" time="0.001"/>
</testsuite>